03-07-2025 14:35:39 [[32minfo[39m]: Server läuft auf http://localhost:3000
03-07-2025 14:35:39 [[32minfo[39m]: Mongoose verbunden mit MongoDB
03-07-2025 14:36:08 [[32minfo[39m]: Get-Anfrage auf Datenbank erfolgreich.
03-07-2025 14:36:29 [[32minfo[39m]: Get-Anfrage auf Datenbank erfolgreich.
03-07-2025 14:36:40 [[32minfo[39m]: Get-Anfrage auf Datenbank erfolgreich.
03-07-2025 14:39:24 [[32minfo[39m]: Datenbankeintrag erfolgreich eingefügt.
03-07-2025 14:39:27 [[32minfo[39m]: E-Mail erfolgreich an User gesendet: 250 2.0.0 OK  1751546367 5b1f17b1804b1-454a9966a00sm26677395e9.3 - gsmtp
03-07-2025 14:39:28 [[32minfo[39m]: E-Mail erfolgreich an dich selbst gesendet: 250 2.0.0 OK  1751546368 5b1f17b1804b1-454a98ebe2asm26620485e9.0 - gsmtp
03-07-2025 14:55:07 [[32minfo[39m]: Server läuft auf http://localhost:3000
03-07-2025 14:55:07 [[32minfo[39m]: Mongoose verbunden mit MongoDB
03-07-2025 14:55:20 [[32minfo[39m]: Get-Anfrage auf Datenbank erfolgreich.
03-07-2025 14:56:53 [[32minfo[39m]: Datenbankeintrag erfolgreich eingefügt.
03-07-2025 14:56:56 [[32minfo[39m]: E-Mail erfolgreich an User gesendet: 250 2.0.0 OK  1751547416 5b1f17b1804b1-453a85b3016sm62199095e9.0 - gsmtp
03-07-2025 14:56:58 [[32minfo[39m]: E-Mail erfolgreich an dich selbst gesendet: 250 2.0.0 OK  1751547417 ffacd0b85a97d-3a892e598d2sm18464762f8f.76 - gsmtp
03-07-2025 15:07:23 [[32minfo[39m]: Server läuft auf http://localhost:3000
03-07-2025 15:07:23 [[32minfo[39m]: Mongoose verbunden mit MongoDB
03-07-2025 15:07:29 [[32minfo[39m]: Get-Anfrage auf Datenbank erfolgreich.
03-07-2025 15:08:14 [[32minfo[39m]: Get-Anfrage auf Datenbank erfolgreich.
03-07-2025 15:10:42 [[32minfo[39m]: Get-Anfrage auf Datenbank erfolgreich.
03-07-2025 15:13:26 [[32minfo[39m]: Server läuft auf http://localhost:3000
03-07-2025 15:13:26 [[32minfo[39m]: Mongoose verbunden mit MongoDB
03-07-2025 15:13:32 [[32minfo[39m]: Get-Anfrage auf Datenbank erfolgreich.
03-07-2025 15:15:43 [[32minfo[39m]: Server läuft auf http://localhost:3000
03-07-2025 15:15:43 [[32minfo[39m]: Mongoose verbunden mit MongoDB
03-07-2025 15:15:58 [[32minfo[39m]: Get-Anfrage auf Datenbank erfolgreich.
03-07-2025 15:17:16 [[32minfo[39m]: Server läuft auf http://localhost:3000
03-07-2025 15:17:16 [[32minfo[39m]: Mongoose verbunden mit MongoDB
03-07-2025 15:17:23 [[32minfo[39m]: Get-Anfrage auf Datenbank erfolgreich.
03-07-2025 15:18:40 [[32minfo[39m]: Server läuft auf http://localhost:3000
03-07-2025 15:18:40 [[32minfo[39m]: Mongoose verbunden mit MongoDB
03-07-2025 15:18:54 [[32minfo[39m]: Get-Anfrage auf Datenbank erfolgreich.
03-07-2025 15:19:28 [[32minfo[39m]: Get-Anfrage auf Datenbank erfolgreich.
03-07-2025 15:19:44 [[32minfo[39m]: Get-Anfrage auf Datenbank erfolgreich.
03-07-2025 16:55:13 [[32minfo[39m]: Server läuft auf http://localhost:3000
03-07-2025 16:55:13 [[32minfo[39m]: Mongoose verbunden mit MongoDB
03-07-2025 16:55:20 [[32minfo[39m]: Get-Anfrage auf Datenbank erfolgreich.
03-07-2025 16:56:30 [[32minfo[39m]: Get-Anfrage auf Datenbank erfolgreich.
03-07-2025 16:58:01 [[32minfo[39m]: Datenbankeintrag erfolgreich eingefügt.
03-07-2025 16:58:04 [[32minfo[39m]: Get-Anfrage auf Datenbank erfolgreich.
03-07-2025 16:58:04 [[32minfo[39m]: E-Mail erfolgreich an User gesendet: 250 2.0.0 OK  1751554684 a640c23a62f3a-ae353c6bd3bsm1276518266b.144 - gsmtp
03-07-2025 16:58:06 [[32minfo[39m]: E-Mail erfolgreich an dich selbst gesendet: 250 2.0.0 OK  1751554685 4fb4d7f45d1cf-60c828bbea9sm10774895a12.1 - gsmtp
03-07-2025 17:00:12 [[32minfo[39m]: Server läuft auf http://localhost:3000
03-07-2025 17:00:12 [[32minfo[39m]: Mongoose verbunden mit MongoDB
03-07-2025 17:01:00 [[32minfo[39m]: Datenbankeintrag erfolgreich eingefügt.
03-07-2025 17:01:18 [[32minfo[39m]: Datenbankeintrag erfolgreich eingefügt.
03-07-2025 17:02:36 [[32minfo[39m]: Server läuft auf http://localhost:3000
03-07-2025 17:02:36 [[32minfo[39m]: Mongoose verbunden mit MongoDB
03-07-2025 17:02:44 [[32minfo[39m]: Get-Anfrage auf Datenbank erfolgreich.
03-07-2025 17:04:36 [[32minfo[39m]: Get-Anfrage auf Datenbank erfolgreich.
03-07-2025 17:05:12 [[32minfo[39m]: Server läuft auf http://localhost:3000
03-07-2025 17:05:12 [[32minfo[39m]: Mongoose verbunden mit MongoDB
03-07-2025 17:06:08 [[32minfo[39m]: Datenbankeintrag erfolgreich eingefügt.
03-07-2025 17:06:25 [[32minfo[39m]: Datenbankeintrag erfolgreich eingefügt.
03-07-2025 17:06:43 [[32minfo[39m]: Datenbankeintrag erfolgreich eingefügt.
03-07-2025 17:07:00 [[32minfo[39m]: Get-Anfrage auf Datenbank erfolgreich.
03-07-2025 17:09:55 [[32minfo[39m]: Get-Anfrage auf Datenbank erfolgreich.
03-07-2025 17:10:26 [[32minfo[39m]: Get-Anfrage auf Datenbank erfolgreich.
03-07-2025 17:10:39 [[32minfo[39m]: Get-Anfrage auf Datenbank erfolgreich.
03-07-2025 17:10:53 [[32minfo[39m]: Get-Anfrage auf Datenbank erfolgreich.
03-07-2025 22:52:06 [[32minfo[39m]: Server läuft auf http://localhost:3000
03-07-2025 22:52:06 [[32minfo[39m]: Mongoose verbunden mit MongoDB
03-07-2025 22:52:16 [[32minfo[39m]: Get-Anfrage auf Datenbank erfolgreich.
03-07-2025 22:55:11 [[32minfo[39m]: Get-Anfrage auf Datenbank erfolgreich.
03-07-2025 22:58:45 [[32minfo[39m]: Get-Anfrage auf Datenbank erfolgreich.
03-07-2025 23:01:04 [[32minfo[39m]: Server läuft auf http://localhost:3000
03-07-2025 23:01:04 [[32minfo[39m]: Mongoose verbunden mit MongoDB
03-07-2025 23:01:53 [[32minfo[39m]: Datenbankeintrag erfolgreich eingefügt.
03-07-2025 23:04:05 [[32minfo[39m]: Server läuft auf http://localhost:3000
03-07-2025 23:04:05 [[32minfo[39m]: Mongoose verbunden mit MongoDB
03-07-2025 23:05:35 [[32minfo[39m]: Datenbankeintrag erfolgreich eingefügt.
03-07-2025 23:05:57 [[32minfo[39m]: Datenbankeintrag erfolgreich eingefügt.
03-07-2025 23:06:17 [[32minfo[39m]: Datenbankeintrag erfolgreich eingefügt.
03-07-2025 23:06:36 [[32minfo[39m]: Get-Anfrage auf Datenbank erfolgreich.
03-07-2025 23:16:37 [[32minfo[39m]: Get-Anfrage auf Datenbank erfolgreich.
03-07-2025 23:18:32 [[32minfo[39m]: Get-Anfrage auf Datenbank erfolgreich.
03-07-2025 23:21:25 [[32minfo[39m]: Get-Anfrage auf Datenbank erfolgreich.
03-07-2025 23:21:26 [[32minfo[39m]: Get-Anfrage auf Datenbank erfolgreich.
03-07-2025 23:21:45 [[32minfo[39m]: Get-Anfrage auf Datenbank erfolgreich.
03-07-2025 23:21:45 [[32minfo[39m]: Get-Anfrage auf Datenbank erfolgreich.
03-07-2025 23:22:39 [[32minfo[39m]: Get-Anfrage auf Datenbank erfolgreich.
03-07-2025 23:23:06 [[32minfo[39m]: Get-Anfrage auf Datenbank erfolgreich.
03-07-2025 23:25:19 [[32minfo[39m]: Get-Anfrage auf Datenbank erfolgreich.
03-07-2025 23:25:20 [[32minfo[39m]: Get-Anfrage auf Datenbank erfolgreich.
03-07-2025 23:26:24 [[32minfo[39m]: Get-Anfrage auf Datenbank erfolgreich.
07-07-2025 12:03:54 [[32minfo[39m]: Server läuft auf http://localhost:3000
07-07-2025 12:03:54 [[32minfo[39m]: Mongoose verbunden mit MongoDB
07-07-2025 12:06:23 [[32minfo[39m]: Datenbankeintrag erfolgreich eingefügt.
07-07-2025 12:06:53 [[32minfo[39m]: Get-Anfrage auf Datenbank erfolgreich.
07-07-2025 12:07:16 [[32minfo[39m]: Get-Anfrage auf Datenbank erfolgreich.
07-07-2025 12:25:58 [[32minfo[39m]: Server läuft auf http://localhost:3000
07-07-2025 12:25:58 [[32minfo[39m]: Mongoose verbunden mit MongoDB
07-07-2025 12:26:07 [[32minfo[39m]: Get-Anfrage auf Datenbank erfolgreich.
07-07-2025 12:26:49 [[32minfo[39m]: Get-Anfrage auf Datenbank erfolgreich.
07-07-2025 12:27:20 [[32minfo[39m]: Get-Anfrage auf Datenbank erfolgreich.
07-07-2025 12:28:02 [[32minfo[39m]: Get-Anfrage auf Datenbank erfolgreich.
07-07-2025 12:34:32 [[32minfo[39m]: Get-Anfrage auf Datenbank erfolgreich.
07-07-2025 12:38:17 [[32minfo[39m]: Get-Anfrage auf Datenbank erfolgreich.
07-07-2025 12:38:42 [[32minfo[39m]: Get-Anfrage auf Datenbank erfolgreich.
07-07-2025 12:40:01 [[32minfo[39m]: Get-Anfrage auf Datenbank erfolgreich.
07-07-2025 12:40:59 [[32minfo[39m]: Get-Anfrage auf Datenbank erfolgreich.
07-07-2025 12:45:25 [[32minfo[39m]: Get-Anfrage auf Datenbank erfolgreich.
07-07-2025 12:57:29 [[32minfo[39m]: Server läuft auf http://localhost:3000
07-07-2025 12:57:29 [[32minfo[39m]: Mongoose verbunden mit MongoDB
07-07-2025 12:57:34 [[32minfo[39m]: Get-Anfrage auf Datenbank erfolgreich.
07-07-2025 12:59:15 [[32minfo[39m]: Get-Anfrage auf Datenbank erfolgreich.
07-07-2025 12:59:27 [[32minfo[39m]: Get-Anfrage auf Datenbank erfolgreich.
07-07-2025 12:59:56 [[32minfo[39m]: Get-Anfrage auf Datenbank erfolgreich.
07-07-2025 13:00:37 [[32minfo[39m]: Get-Anfrage auf Datenbank erfolgreich.
07-07-2025 13:15:55 [[32minfo[39m]: Get-Anfrage auf Datenbank erfolgreich.
07-07-2025 13:16:29 [[32minfo[39m]: Get-Anfrage auf Datenbank erfolgreich.
07-07-2025 13:17:48 [[32minfo[39m]: Get-Anfrage auf Datenbank erfolgreich.
07-07-2025 13:18:08 [[32minfo[39m]: Get-Anfrage auf Datenbank erfolgreich.
